2026-03-11 13:50:04, MOVE, v:1, k:sandbox@user_001, mode:PICK
2026-03-11 13:50:26, EXEC, v:1, k:sandbox@user_001, mode:LOCK, rate:0, size:5
2026-03-11 13:50:26, EXEC, v:1, k:sandbox@user_001, mode:LOCK, rate:0, size:5
2026-03-11 13:50:27, EXEC, v:1, k:sandbox@user_001, mode:LOCK, rate:0, size:5
2026-03-11 13:52:28, EXEC, v:1, k:sandbox@user_001, mode:LOCK, rate:0, size:5
2026-03-11 13:57:45, EXEC, v:1, k:sandbox@user_001, mode:LOCK, rate:0, size:13
2026-03-11 14:00:45, EXEC, v:1, k:sandbox@user_001, mode:FULL, size:19, fail:COMP
2026-03-11 14:01:39, EXEC, v:1, k:sandbox@user_001, mode:LOCK, rate:0, size:21
2026-03-11 14:03:06, EXEC, v:1, k:sandbox@user_001, mode:LOCK, rate:0, size:16
2026-03-11 14:06:28, EXEC, v:1, k:sandbox@user_001, mode:LOCK, rate:0, size:40
2026-03-11 14:14:40, EXEC, v:1, k:sandbox@user_001, mode:LOCK, rate:0, size:12
2026-03-11 14:15:20, EXEC, v:1, k:sandbox@user_001, mode:LOCK, rate:0, size:11
2026-03-11 14:16:27, EXEC, v:1, k:sandbox@user_001, mode:LOCK, rate:0, size:15
2026-03-11 14:17:12, EXEC, v:1, k:sandbox@user_001, mode:LOCK, rate:0, size:15
2026-03-11 14:17:43, EXEC, v:1, k:sandbox@user_001, mode:LOCK, rate:0, size:15
2026-03-11 14:18:37, EXEC, v:1, k:sandbox@user_001, mode:LOCK, rate:0, size:18
2026-03-11 14:18:49, EXEC, v:1, k:sandbox@user_001, mode:LOCK, rate:0, size:18
2026-03-11 14:18:57, MOVE, v:1, k:sandbox@user_001, mode:BACK
2026-03-11 14:19:18, MOVE, v:1, k:sandbox@user_001, mode:PICK
2026-03-11 14:19:55, EXEC, v:1, k:sandbox@user_001, mode:LOCK, rate:0, size:18
2026-03-11 14:20:12, EXEC, v:1, k:sandbox@user_001, mode:LOCK, rate:0, size:18
2026-03-11 14:20:33, EXEC, v:1, k:sandbox@user_001, mode:LOCK, rate:0, size:18
2026-03-11 14:20:55, EXEC, v:1, k:sandbox@user_001, mode:FREE, size:18
2026-03-11 14:26:35, EXEC, v:1, k:sandbox@user_001, mode:LOCK, rate:0, size:21
2026-03-11 14:36:14, MOVE, v:1, k:sandbox@user_001, mode:BACK
