2026-03-17 00:00:37, MOVE, v:1, k:ed@fuga, mode:PICK
2026-03-17 00:00:39, EXEC, v:1, k:ed@fuga, mode:FULL, rate:40, size:15
2026-03-17 00:13:26, EXEC, v:1, k:ed@fuga, mode:FULL, rate:60, size:23
2026-03-17 00:14:18, EXEC, v:1, k:ed@fuga, mode:FULL, rate:100, size:23
2026-03-17 00:14:30, MOVE, v:1, k:ed@fuga, mode:BACK
2026-03-17 01:05:32, MOVE, v:1, k:ed@fuga, mode:PICK
2026-03-17 01:05:34, EXEC, v:1, k:ed@fuga, mode:FULL, rate:100
2026-03-17 01:05:57, MOVE, v:1, k:ed@fuga, mode:BACK
2026-03-17 01:06:25, MOVE, v:1, k:ed@pedra, mode:PICK
2026-03-17 01:06:26, EXEC, v:1, k:ed@pedra, mode:FULL, size:31, fail:COMP
2026-03-17 01:06:27, EXEC, v:1, k:ed@pedra, mode:FULL, fail:COMP
2026-03-17 01:07:20, MOVE, v:1, k:ed@pedra, mode:BACK
2026-03-17 01:07:26, MOVE, v:1, k:ed@pedra, mode:PICK
2026-03-17 01:07:29, EXEC, v:1, k:ed@pedra, mode:FULL, fail:COMP
2026-03-17 01:07:44, MOVE, v:1, k:ed@pedra, mode:BACK
2026-03-17 01:07:57, MOVE, v:1, k:ed@pedra, mode:PICK
2026-03-17 01:07:57, EXEC, v:1, k:ed@pedra, mode:FULL, fail:COMP
2026-03-17 01:08:01, MOVE, v:1, k:ed@pedra, mode:BACK
2026-03-17 01:11:22, MOVE, v:1, k:ed@pedra, mode:PICK
2026-03-17 01:11:24, EXEC, v:1, k:ed@pedra, mode:FULL, rate:25, size:29
2026-03-17 01:12:37, EXEC, v:1, k:ed@pedra, mode:FULL, rate:25, size:29
2026-03-17 01:15:47, EXEC, v:1, k:ed@pedra, mode:FULL, rate:0, size:31
2026-03-17 01:16:13, EXEC, v:1, k:ed@pedra, mode:FULL, rate:0
2026-03-17 01:16:17, EXEC, v:1, k:ed@pedra, mode:FULL, rate:25, size:29
2026-03-17 01:16:33, MOVE, v:1, k:ed@pedra, mode:BACK
2026-03-17 01:18:43, MOVE, v:1, k:ed@pedra, mode:PICK
2026-03-17 01:18:44, EXEC, v:1, k:ed@pedra, mode:FULL, rate:100, size:29
2026-03-17 01:19:23, MOVE, v:1, k:ed@pedra, mode:BACK
2026-03-17 01:20:09, MOVE, v:1, k:ed@casais, mode:DOWN
2026-03-17 01:43:17, MOVE, v:1, k:ed@casais, mode:PICK
2026-03-17 01:43:18, EXEC, v:1, k:ed@casais, mode:FULL, size:23, fail:COMP
2026-03-17 01:43:26, MOVE, v:1, k:ed@casais, mode:BACK
2026-03-17 13:29:43, SELF, v:1, k:ed@pintando, self:1, rate:100, study:50, friend:n
2026-03-17 14:16:12, MOVE, v:1, k:ed@casais, mode:PICK
2026-03-17 14:16:15, EXEC, v:1, k:ed@casais, mode:FULL, rate:0, size:30
2026-03-17 14:17:22, EXEC, v:1, k:ed@casais, mode:FULL, rate:0, size:28
2026-03-17 14:17:32, EXEC, v:1, k:ed@casais, mode:FULL, rate:0, size:28
2026-03-17 14:33:58, MOVE, v:1, k:ed@casais, mode:BACK
2026-03-17 14:34:18, MOVE, v:1, k:ed@casais, mode:PICK
2026-03-17 14:34:22, EXEC, v:1, k:ed@casais, mode:FULL, rate:0, size:39
