2026-03-29 20:03:43, MOVE, v:1, k:ed@apagando, mode:PICK
2026-03-29 20:16:17, MOVE, v:1, k:ed@apagando, mode:BACK
2026-03-29 20:16:22, MOVE, v:1, k:ed@apagando, mode:PICK
2026-03-29 20:37:49, EXEC, v:1, k:ed@apagando, mode:FULL, rate:0, size:26
2026-03-29 20:39:56, EXEC, v:1, k:ed@apagando, mode:FULL, rate:0, size:28
2026-03-29 20:43:12, MOVE, v:1, k:ed@apagando, mode:BACK
2026-03-29 20:43:15, MOVE, v:1, k:ed@apagando, mode:PICK
2026-03-29 20:43:16, EXEC, v:1, k:ed@apagando, mode:FULL, rate:0, size:34
2026-03-29 20:43:35, EXEC, v:1, k:ed@apagando, mode:FULL, rate:0, size:34
2026-03-29 20:43:54, EXEC, v:1, k:ed@apagando, mode:FULL, rate:0, size:34
2026-03-29 20:44:18, EXEC, v:1, k:ed@apagando, mode:FULL, rate:0, size:35
2026-03-29 20:44:49, EXEC, v:1, k:ed@apagando, mode:FULL, rate:0, size:34
2026-03-29 20:45:04, EXEC, v:1, k:ed@apagando, mode:FULL, rate:0, size:34
2026-03-29 20:45:23, EXEC, v:1, k:ed@apagando, mode:FULL, rate:0, size:35
2026-03-29 20:46:06, EXEC, v:1, k:ed@apagando, mode:FULL, rate:0, size:37
2026-03-29 20:46:38, EXEC, v:1, k:ed@apagando, mode:FULL, rate:0, size:36
2026-03-29 20:49:30, MOVE, v:1, k:ed@apagando, mode:BACK
2026-03-29 20:50:58, MOVE, v:1, k:ed@princesa, mode:PICK
2026-03-29 20:51:00, MOVE, v:1, k:ed@princesa, mode:BACK
2026-03-29 20:51:07, MOVE, v:1, k:ed@apagando, mode:PICK
2026-03-29 20:51:08, EXEC, v:1, k:ed@apagando, mode:FULL, rate:0, size:36
2026-03-29 20:52:03, EXEC, v:1, k:ed@apagando, mode:FULL, rate:0, size:36
2026-03-29 20:52:44, EXEC, v:1, k:ed@apagando, mode:FULL, rate:0, size:36
2026-03-29 20:52:59, MOVE, v:1, k:ed@apagando, mode:BACK
2026-03-29 20:53:26, MOVE, v:1, k:ed@manipulacao, mode:DOWN
2026-03-29 20:57:37, MOVE, v:1, k:ed@apagando, mode:PICK
2026-03-29 20:57:38, EXEC, v:1, k:ed@apagando, mode:FULL, rate:0, size:36
2026-03-29 20:58:14, EXEC, v:1, k:ed@apagando, mode:FULL, rate:100, size:36
2026-03-29 21:00:45, MOVE, v:1, k:ed@apagando, mode:BACK
2026-03-29 21:08:51, SELF, v:1, k:ed@princesa, self:1, rate:100, study:134, concept:1, problem:1
2026-03-29 21:09:17, SELF, v:1, k:ed@apagando, self:1, rate:100, study:50
2026-03-29 21:09:44, MOVE, v:1, k:ed@manipulacao, mode:PICK
2026-03-29 21:11:17, MOVE, v:1, k:ed@manipulacao, mode:BACK
