2026-03-22 17:24:52, SELF, v:1, k:ed@mumia, self:1, rate:100, study:20, friend:n, concept:1
2026-03-22 17:25:00, MOVE, v:1, k:ed@fuga, mode:PICK
2026-03-22 17:25:05, MOVE, v:1, k:ed@fuga, mode:BACK
2026-03-22 17:27:26, SELF, v:1, k:ed@fuga, self:1, rate:100, study:93, friend:n, problem:1, refactor:1
2026-03-22 17:30:52, SELF, v:1, k:ed@pedra, self:1, rate:100, study:42, friend:n, concept:1, problem:1
2026-03-22 17:31:49, SELF, v:1, k:ed@casais, self:1, rate:100, study:65, friend:n, guided:1
2026-03-22 17:40:28, MOVE, v:1, k:ed@baruel, mode:PICK
2026-03-22 17:40:36, MOVE, v:1, k:ed@baruel, mode:BACK
2026-03-22 17:40:41, MOVE, v:1, k:ed@baruel, mode:PICK
2026-03-22 17:40:42, EXEC, v:1, k:ed@baruel, mode:FULL, size:37, fail:COMP
2026-03-22 17:41:18, EXEC, v:1, k:ed@baruel, mode:FULL, rate:0, size:37
2026-03-22 17:51:02, EXEC, v:1, k:ed@baruel, mode:FULL, rate:0, size:39
2026-03-22 17:51:19, EXEC, v:1, k:ed@baruel, mode:FULL, size:39, fail:COMP
2026-03-22 17:51:31, EXEC, v:1, k:ed@baruel, mode:FULL, size:39, fail:COMP
2026-03-22 17:52:22, EXEC, v:1, k:ed@baruel, mode:FULL, rate:50, size:38
2026-03-22 17:55:14, EXEC, v:1, k:ed@baruel, mode:FULL, rate:75, size:41
2026-03-22 17:56:47, EXEC, v:1, k:ed@baruel, mode:FULL, rate:50, size:44
2026-03-22 17:57:10, EXEC, v:1, k:ed@baruel, mode:FULL, rate:100, size:44
2026-03-22 17:57:15, MOVE, v:1, k:ed@baruel, mode:BACK
2026-03-22 17:57:48, SELF, v:1, k:ed@baruel, self:1, rate:100, study:32, friend:n, guided:1
2026-03-22 17:57:59, MOVE, v:1, k:ed@gomos, mode:DOWN
